Using pre-set license
Built from '2021.3/staging' branch; Version is '2021.3.18f1 (3129e69bc0c7) revision 3221990'; Using compiler version '192829333'; Build Type 'Release'
OS: 'Windows 10  (10.0.19045) 64bit Professional' Language: 'en' Physical Memory: 65349 MB
BatchMode: 1, IsHumanControllingUs: 0, StartBugReporterOnCrash: 0, Is64bit: 1, IsPro: 1

COMMAND LINE ARGUMENTS:
C:\Program Files\Unity\Hub\Editor\2021.3.18f1\Editor\Unity.exe
-adb2
-batchMode
-noUpm
-name
AssetImportWorker0
-projectPath
C:/Users/Lautaro/Documents/GitHub/FinalOptimizaciones
-logFile
Logs/AssetImportWorker0.log
-srvPort
60965
Successfully changed project path to: C:/Users/Lautaro/Documents/GitHub/FinalOptimizaciones
C:/Users/Lautaro/Documents/GitHub/FinalOptimizaciones
[UnityMemory] Configuration Parameters - Can be set up in boot.config
    "memorysetup-bucket-allocator-granularity=16"
    "memorysetup-bucket-allocator-bucket-count=8"
    "memorysetup-bucket-allocator-block-size=33554432"
    "memorysetup-bucket-allocator-block-count=8"
    "memorysetup-main-allocator-block-size=16777216"
    "memorysetup-thread-allocator-block-size=16777216"
    "memorysetup-gfx-main-allocator-block-size=16777216"
    "memorysetup-gfx-thread-allocator-block-size=16777216"
    "memorysetup-cache-allocator-block-size=4194304"
    "memorysetup-typetree-allocator-block-size=2097152"
    "memorysetup-profiler-bucket-allocator-granularity=16"
    "memorysetup-profiler-bucket-allocator-bucket-count=8"
    "memorysetup-profiler-bucket-allocator-block-size=33554432"
    "memorysetup-profiler-bucket-allocator-block-count=8"
    "memorysetup-profiler-allocator-block-size=16777216"
    "memorysetup-profiler-editor-allocator-block-size=1048576"
    "memorysetup-temp-allocator-size-main=16777216"
    "memorysetup-job-temp-allocator-block-size=2097152"
    "memorysetup-job-temp-allocator-block-size-background=1048576"
    "memorysetup-job-temp-allocator-reduction-small-platforms=262144"
    "memorysetup-temp-allocator-size-background-worker=32768"
    "memorysetup-temp-allocator-size-job-worker=262144"
    "memorysetup-temp-allocator-size-preload-manager=33554432"
    "memorysetup-temp-allocator-size-nav-mesh-worker=65536"
    "memorysetup-temp-allocator-size-audio-worker=65536"
    "memorysetup-temp-allocator-size-cloud-worker=32768"
    "memorysetup-temp-allocator-size-gi-baking-worker=262144"
    "memorysetup-temp-allocator-size-gfx=262144"
Player connection [10528] Host "[IP] 192.168.0.19 [Port] 0 [Flags] 2 [Guid] 3194556446 [EditorId] 3194556446 [Version] 1048832 [Id] WindowsEditor(7,DESKTOP-16FAKNS) [Debug] 1 [PackageName] WindowsEditor [ProjectName] Editor" joined multi-casting on [225.0.0.222:54997]...

Player connection [10528] Host "[IP] 192.168.0.19 [Port] 0 [Flags] 2 [Guid] 3194556446 [EditorId] 3194556446 [Version] 1048832 [Id] WindowsEditor(7,DESKTOP-16FAKNS) [Debug] 1 [PackageName] WindowsEditor [ProjectName] Editor" joined alternative multi-casting on [225.0.0.222:34997]...

Refreshing native plugins compatible for Editor in 73.57 ms, found 3 plugins.
Preloading 0 native plugins for Editor in 0.00 ms.
Initialize engine version: 2021.3.18f1 (3129e69bc0c7)
[Subsystems] Discovering subsystems at path C:/Program Files/Unity/Hub/Editor/2021.3.18f1/Editor/Data/Resources/UnitySubsystems
[Subsystems] Discovering subsystems at path C:/Users/Lautaro/Documents/GitHub/FinalOptimizaciones/Assets
GfxDevice: creating device client; threaded=0; jobified=0
Direct3D:
    Version:  Direct3D 11.0 [level 11.1]
    Renderer: Radeon RX 580 Series (ID=0x67df)
    Vendor:   ATI
    VRAM:     8135 MB
    Driver:   31.0.14057.5006
Initialize mono
Mono path[0] = 'C:/Program Files/Unity/Hub/Editor/2021.3.18f1/Editor/Data/Managed'
Mono path[1] = 'C:/Program Files/Unity/Hub/Editor/2021.3.18f1/Editor/Data/MonoBleedingEdge/lib/mono/unityjit-win32'
Mono config path = 'C:/Program Files/Unity/Hub/Editor/2021.3.18f1/Editor/Data/MonoBleedingEdge/etc'
Using monoOptions --debugger-agent=transport=dt_socket,embedding=1,server=y,suspend=n,address=127.0.0.1:56612
Begin MonoManager ReloadAssembly
Registering precompiled unity dll's ...
Register platform support module: C:/Program Files/Unity/Hub/Editor/2021.3.18f1/Editor/Data/PlaybackEngines/AndroidPlayer/UnityEditor.Android.Extensions.dll
Register platform support module: C:/Program Files/Unity/Hub/Editor/2021.3.18f1/Editor/Data/PlaybackEngines/WindowsStandaloneSupport/UnityEditor.WindowsStandalone.Extensions.dll
Registered in 0.007182 seconds.
Native extension for WindowsStandalone target not found
Native extension for Android target not found
Android Extension - Scanning For ADB Devices 185 ms
Refreshing native plugins compatible for Editor in 68.55 ms, found 3 plugins.
Preloading 0 native plugins for Editor in 0.00 ms.
Mono: successfully reloaded assembly
- Completed reload, in  0.744 seconds
Domain Reload Profiling:
	ReloadAssembly (745ms)
		BeginReloadAssembly (65ms)
			ExecutionOrderSort (0ms)
			DisableScriptedObjects (0ms)
			BackupInstance (0ms)
			ReleaseScriptingObjects (0ms)
			CreateAndSetChildDomain (1ms)
		EndReloadAssembly (582ms)
			LoadAssemblies (63ms)
			RebuildTransferFunctionScriptingTraits (0ms)
			SetupTypeCache (88ms)
			ReleaseScriptCaches (0ms)
			RebuildScriptCaches (24ms)
			SetupLoadedEditorAssemblies (425ms)
				LogAssemblyErrors (0ms)
				InitializePlatformSupportModulesInManaged (243ms)
				SetLoadedEditorAssemblies (0ms)
				RefreshPlugins (69ms)
				BeforeProcessingInitializeOnLoad (1ms)
				ProcessInitializeOnLoadAttributes (77ms)
				ProcessInitializeOnLoadMethodAttributes (36ms)
				AfterProcessingInitializeOnLoad (0ms)
				EditorAssembliesLoaded (0ms)
			ExecutionOrderSort2 (0ms)
			AwakeInstancesAfterBackupRestoration (0ms)
Platform modules already initialized, skipping
Registering precompiled user dll's ...
Registered in 0.004459 seconds.
Begin MonoManager ReloadAssembly
Symbol file LoadedFromMemory doesn't match image C:\Users\Lautaro\Documents\GitHub\FinalOptimizaciones\Library\PackageCache\com.unity.visualscripting@1.8.0\Editor\VisualScripting.Core\Dependencies\YamlDotNet\Unity.VisualScripting.YamlDotNet.dll
Symbol file LoadedFromMemory doesn't match image C:\Users\Lautaro\Documents\GitHub\FinalOptimizaciones\Library\PackageCache\com.unity.visualscripting@1.8.0\Editor\VisualScripting.Core\Dependencies\DotNetZip\Unity.VisualScripting.IonicZip.dll
Native extension for WindowsStandalone target not found
Native extension for Android target not found
Refreshing native plugins compatible for Editor in 0.59 ms, found 3 plugins.
Preloading 0 native plugins for Editor in 0.00 ms.
Mono: successfully reloaded assembly
- Completed reload, in  0.871 seconds
Domain Reload Profiling:
	ReloadAssembly (872ms)
		BeginReloadAssembly (89ms)
			ExecutionOrderSort (0ms)
			DisableScriptedObjects (5ms)
			BackupInstance (0ms)
			ReleaseScriptingObjects (0ms)
			CreateAndSetChildDomain (17ms)
		EndReloadAssembly (680ms)
			LoadAssemblies (65ms)
			RebuildTransferFunctionScriptingTraits (0ms)
			SetupTypeCache (215ms)
			ReleaseScriptCaches (0ms)
			RebuildScriptCaches (42ms)
			SetupLoadedEditorAssemblies (314ms)
				LogAssemblyErrors (0ms)
				InitializePlatformSupportModulesInManaged (16ms)
				SetLoadedEditorAssemblies (0ms)
				RefreshPlugins (1ms)
				BeforeProcessingInitializeOnLoad (74ms)
				ProcessInitializeOnLoadAttributes (196ms)
				ProcessInitializeOnLoadMethodAttributes (19ms)
				AfterProcessingInitializeOnLoad (9ms)
				EditorAssembliesLoaded (0ms)
			ExecutionOrderSort2 (0ms)
			AwakeInstancesAfterBackupRestoration (5ms)
Platform modules already initialized, skipping
========================================================================
Worker process is ready to serve import requests
Launched and connected shader compiler UnityShaderCompiler.exe after 0.03 seconds
Refreshing native plugins compatible for Editor in 0.33 ms, found 3 plugins.
Preloading 0 native plugins for Editor in 0.00 ms.
Unloading 3095 Unused Serialized files (Serialized files now loaded: 0)
Unloading 22 unused Assets / (56.1 KB). Loaded Objects now: 3559.
Memory consumption went from 109.0 MB to 108.9 MB.
Total: 1.679200 ms (FindLiveObjects: 0.137700 ms CreateObjectMapping: 0.041300 ms MarkObjects: 1.458400 ms  DeleteObjects: 0.041300 ms)

AssetImportParameters requested are different than current active one (requested -> active):
  custom:video-decoder-ogg-theora: a1e56fd34408186e4bbccfd4996cb3dc -> 
  custom:container-muxer-webm: aa71ff27fc2769a1b78a27578f13a17b -> 
  custom:container-demuxer-webm: 4f35f7cbe854078d1ac9338744f61a02 -> 
  custom:video-encoder-webm-vp8: eb34c28f22e8b96e1ab97ce403110664 -> 
  custom:audio-encoder-webm-vorbis: bf7c407c2cedff20999df2af8eb42d56 -> 
  custom:framework-win-MediaFoundation: 216162199b28c13a410421893ffa2e32 -> 
  custom:container-demuxer-ogg: 62fdf1f143b41e24485cea50d1cbac27 -> 
  custom:video-decoder-webm-vp8: 9c59270c3fd7afecdb556c50c9e8de78 -> 
  custom:audio-decoder-ogg-vorbis: bf7c407c2cedff20999df2af8eb42d56 -> 
========================================================================
Received Import Request.
  Time since last request: 606244.316129 seconds.
  path: Assets/Scenes/SampleScene.unity
  artifactKey: Guid(9fc0d4010bbf28b4594072e72b8655ab) Importer(815301076,1909f56bfc062723c751e8b465ee728b)
Start importing Assets/Scenes/SampleScene.unity using Guid(9fc0d4010bbf28b4594072e72b8655ab) Importer(815301076,1909f56bfc062723c751e8b465ee728b)  -> (artifact id: '04ea0ccc11e854d38fb6e0c5fac6b1c5') in 0.009120 seconds 
========================================================================
Received Import Request.
  Time since last request: 531.453940 seconds.
  path: Assets/Atlas/Texture Atlas.spriteatlas
  artifactKey: Guid(74a54ae7a6645db47926dc949dc4a805) Importer(815301076,1909f56bfc062723c751e8b465ee728b)
Start importing Assets/Atlas/Texture Atlas.spriteatlas using Guid(74a54ae7a6645db47926dc949dc4a805) Importer(815301076,1909f56bfc062723c751e8b465ee728b)  -> (artifact id: '373dbfcb0ffee91cfcdbe9654eaa8b82') in 0.026146 seconds 
========================================================================
Received Import Request.
  Time since last request: 2.531582 seconds.
  path: Assets/Models 3D/rocky-stone-block/textures/rockwall1_albedo.png
  artifactKey: Guid(4c7192d39d47cce4c8dcf77a3f6bafac) Importer(815301076,1909f56bfc062723c751e8b465ee728b)
Start importing Assets/Models 3D/rocky-stone-block/textures/rockwall1_albedo.png using Guid(4c7192d39d47cce4c8dcf77a3f6bafac) Importer(815301076,1909f56bfc062723c751e8b465ee728b)  -> (artifact id: 'cb7f1f7a5b8a157434549a2b31a95b33') in 0.047061 seconds 
========================================================================
Received Import Request.
  Time since last request: 0.000014 seconds.
  path: Assets/Models 3D/rocky-stone-block/textures/rockwall1_normal.png
  artifactKey: Guid(f1800d0961551f44ea2e528aae1e6fca) Importer(815301076,1909f56bfc062723c751e8b465ee728b)
Start importing Assets/Models 3D/rocky-stone-block/textures/rockwall1_normal.png using Guid(f1800d0961551f44ea2e528aae1e6fca) Importer(815301076,1909f56bfc062723c751e8b465ee728b)  -> (artifact id: '05a291a339b683c136f9e1f2c50df15f') in 0.013734 seconds 
========================================================================
Received Import Request.
  Time since last request: 0.000015 seconds.
  path: Assets/Models 3D/rocky-stone-block/textures/rockwall1_roughness@channels=G.png
  artifactKey: Guid(12e46b48c16f3e54a93289e8c92149df) Importer(815301076,1909f56bfc062723c751e8b465ee728b)
Start importing Assets/Models 3D/rocky-stone-block/textures/rockwall1_roughness@channels=G.png using Guid(12e46b48c16f3e54a93289e8c92149df) Importer(815301076,1909f56bfc062723c751e8b465ee728b)  -> (artifact id: '560214bd4854f01ded29075e90f2a366') in 0.011035 seconds 
========================================================================
Received Import Request.
  Time since last request: 2.180539 seconds.
  path: Assets/Models 3D/sf-capsule-energy/textures/capsuleEenergy_MAT_alpha.jpg
  artifactKey: Guid(23e26b61cc38eb64197444445fa246de) Importer(815301076,1909f56bfc062723c751e8b465ee728b)
Start importing Assets/Models 3D/sf-capsule-energy/textures/capsuleEenergy_MAT_alpha.jpg using Guid(23e26b61cc38eb64197444445fa246de) Importer(815301076,1909f56bfc062723c751e8b465ee728b)  -> (artifact id: '771277e81a2d9c77ab8f4249084f1634') in 0.012464 seconds 
========================================================================
Received Import Request.
  Time since last request: 0.000017 seconds.
  path: Assets/Models 3D/sf-capsule-energy/textures/capsuleEenergy_MAT_metallic.jpg
  artifactKey: Guid(c39163b6bed49d74d8dbe42cef165ea9) Importer(815301076,1909f56bfc062723c751e8b465ee728b)
Start importing Assets/Models 3D/sf-capsule-energy/textures/capsuleEenergy_MAT_metallic.jpg using Guid(c39163b6bed49d74d8dbe42cef165ea9) Importer(815301076,1909f56bfc062723c751e8b465ee728b)  -> (artifact id: '6a163e351229f18e9efcb8f1d22117f5') in 0.010014 seconds 
========================================================================
Received Import Request.
  Time since last request: 0.000024 seconds.
  path: Assets/Models 3D/sf-capsule-energy/textures/capsuleEenergy_MAT_normal.png
  artifactKey: Guid(f3b867df6f20b3445ac2f52ec1e610da) Importer(815301076,1909f56bfc062723c751e8b465ee728b)
Start importing Assets/Models 3D/sf-capsule-energy/textures/capsuleEenergy_MAT_normal.png using Guid(f3b867df6f20b3445ac2f52ec1e610da) Importer(815301076,1909f56bfc062723c751e8b465ee728b)  -> (artifact id: '3d3cdca8d0c3ade926f5fc0145fc4a46') in 0.032815 seconds 
========================================================================
Received Import Request.
  Time since last request: 0.000015 seconds.
  path: Assets/Models 3D/sf-capsule-energy/textures/capsuleEenergy_MAT_roughness.jpg
  artifactKey: Guid(91d5db11981e53e4db1766c372e10728) Importer(815301076,1909f56bfc062723c751e8b465ee728b)
Start importing Assets/Models 3D/sf-capsule-energy/textures/capsuleEenergy_MAT_roughness.jpg using Guid(91d5db11981e53e4db1766c372e10728) Importer(815301076,1909f56bfc062723c751e8b465ee728b)  -> (artifact id: 'ce5607fc1498084d3f3164c6f490d0b5') in 0.010114 seconds 
========================================================================
Received Import Request.
  Time since last request: 0.000014 seconds.
  path: Assets/Models 3D/sf-capsule-energy/textures/capsuleEenergy_MAT_emission.jpg
  artifactKey: Guid(4d5e384b0d8e71a4e830870d4bf32a46) Importer(815301076,1909f56bfc062723c751e8b465ee728b)
Start importing Assets/Models 3D/sf-capsule-energy/textures/capsuleEenergy_MAT_emission.jpg using Guid(4d5e384b0d8e71a4e830870d4bf32a46) Importer(815301076,1909f56bfc062723c751e8b465ee728b)  -> (artifact id: 'acd23b9f5189ef1c6c8e31d41d977a6f') in 0.009884 seconds 
========================================================================
Received Import Request.
  Time since last request: 0.000015 seconds.
  path: Assets/Models 3D/sf-capsule-energy/textures/capsuleEenergy_MAT_baseColor.jpg
  artifactKey: Guid(14d7da589737c0140a25f6de9e831da8) Importer(815301076,1909f56bfc062723c751e8b465ee728b)
Start importing Assets/Models 3D/sf-capsule-energy/textures/capsuleEenergy_MAT_baseColor.jpg using Guid(14d7da589737c0140a25f6de9e831da8) Importer(815301076,1909f56bfc062723c751e8b465ee728b)  -> (artifact id: '58a77f9f3f104dde504e8cb5b1f88c90') in 0.010357 seconds 
========================================================================
Received Import Request.
  Time since last request: 1.720967 seconds.
  path: Assets/Materials/PaintedMetal004_1K-JPG/PaintedMetal004_1K_Color.jpg
  artifactKey: Guid(a6003d5a72372484381497c4f3ef61dc) Importer(815301076,1909f56bfc062723c751e8b465ee728b)
Start importing Assets/Materials/PaintedMetal004_1K-JPG/PaintedMetal004_1K_Color.jpg using Guid(a6003d5a72372484381497c4f3ef61dc) Importer(815301076,1909f56bfc062723c751e8b465ee728b)  -> (artifact id: '367faee03a815e600801ee22ffe609ba') in 0.011229 seconds 
========================================================================
Received Import Request.
  Time since last request: 0.000014 seconds.
  path: Assets/Materials/PaintedMetal004_1K-JPG/PaintedMetal004_PREVIEW.jpg
  artifactKey: Guid(fe20b2133bc7a824fa03f8b71305ec4b) Importer(815301076,1909f56bfc062723c751e8b465ee728b)
Start importing Assets/Materials/PaintedMetal004_1K-JPG/PaintedMetal004_PREVIEW.jpg using Guid(fe20b2133bc7a824fa03f8b71305ec4b) Importer(815301076,1909f56bfc062723c751e8b465ee728b)  -> (artifact id: '58bb71a79ff66c631151d49a844c3f64') in 0.010186 seconds 
========================================================================
Received Import Request.
  Time since last request: 0.000014 seconds.
  path: Assets/Materials/PaintedMetal004_1K-JPG/PaintedMetal004_1K_NormalDX.jpg
  artifactKey: Guid(afc83f3917dddf0499aac7bf10fe9d11) Importer(815301076,1909f56bfc062723c751e8b465ee728b)
Start importing Assets/Materials/PaintedMetal004_1K-JPG/PaintedMetal004_1K_NormalDX.jpg using Guid(afc83f3917dddf0499aac7bf10fe9d11) Importer(815301076,1909f56bfc062723c751e8b465ee728b)  -> (artifact id: '304cfdbe3713645ef21d9af49a0cc5bc') in 0.011870 seconds 
========================================================================
Received Import Request.
  Time since last request: 0.000014 seconds.
  path: Assets/Materials/PaintedMetal004_1K-JPG/PaintedMetal004_1K_Opacity.jpg
  artifactKey: Guid(fe706a7e46a876e40953053003c7852c) Importer(815301076,1909f56bfc062723c751e8b465ee728b)
Start importing Assets/Materials/PaintedMetal004_1K-JPG/PaintedMetal004_1K_Opacity.jpg using Guid(fe706a7e46a876e40953053003c7852c) Importer(815301076,1909f56bfc062723c751e8b465ee728b)  -> (artifact id: '9659a9b4de0edee58628315d49992ba9') in 0.011137 seconds 
========================================================================
Received Import Request.
  Time since last request: 0.000014 seconds.
  path: Assets/Materials/PaintedMetal004_1K-JPG/PaintedMetal004_1K_NormalGL.jpg
  artifactKey: Guid(8750da36f364c0d40b90474cfeba14d7) Importer(815301076,1909f56bfc062723c751e8b465ee728b)
Start importing Assets/Materials/PaintedMetal004_1K-JPG/PaintedMetal004_1K_NormalGL.jpg using Guid(8750da36f364c0d40b90474cfeba14d7) Importer(815301076,1909f56bfc062723c751e8b465ee728b)  -> (artifact id: '5c4b28450bc8d110aca9665bf3eb01f0') in 0.010176 seconds 
========================================================================
Received Import Request.
  Time since last request: 0.000014 seconds.
  path: Assets/Materials/PaintedMetal004_1K-JPG/PaintedMetal004_1K_Displacement.jpg
  artifactKey: Guid(51efa60d1aa4c254da7688b5506c5462) Importer(815301076,1909f56bfc062723c751e8b465ee728b)
Start importing Assets/Materials/PaintedMetal004_1K-JPG/PaintedMetal004_1K_Displacement.jpg using Guid(51efa60d1aa4c254da7688b5506c5462) Importer(815301076,1909f56bfc062723c751e8b465ee728b)  -> (artifact id: '7980bfe2967bd99276c9333806b5f32b') in 0.010129 seconds 
========================================================================
Received Import Request.
  Time since last request: 0.000016 seconds.
  path: Assets/Materials/PaintedMetal004_1K-JPG/PaintedMetal004_1K_Metalness.jpg
  artifactKey: Guid(767ed9e4972981640a6340a19d1c442f) Importer(815301076,1909f56bfc062723c751e8b465ee728b)
Start importing Assets/Materials/PaintedMetal004_1K-JPG/PaintedMetal004_1K_Metalness.jpg using Guid(767ed9e4972981640a6340a19d1c442f) Importer(815301076,1909f56bfc062723c751e8b465ee728b)  -> (artifact id: '51dee930b3dc5e419b4086dbcdfa0209') in 0.009964 seconds 
========================================================================
Received Import Request.
  Time since last request: 0.000024 seconds.
  path: Assets/Materials/PaintedMetal004_1K-JPG/PaintedMetal004_1K_Roughness.jpg
  artifactKey: Guid(590c228e237030f4da17b967c169904e) Importer(815301076,1909f56bfc062723c751e8b465ee728b)
Start importing Assets/Materials/PaintedMetal004_1K-JPG/PaintedMetal004_1K_Roughness.jpg using Guid(590c228e237030f4da17b967c169904e) Importer(815301076,1909f56bfc062723c751e8b465ee728b)  -> (artifact id: 'e44293ddbe1a69a827c7a2f79bbf8209') in 0.010006 seconds 
========================================================================
Received Import Request.
  Time since last request: 9.232308 seconds.
  path: Assets/Materials/PaintedMetal004_1K-JPG
  artifactKey: Guid(41fe22a4d617c384c97349d4eb83887f) Importer(815301076,1909f56bfc062723c751e8b465ee728b)
Start importing Assets/Materials/PaintedMetal004_1K-JPG using Guid(41fe22a4d617c384c97349d4eb83887f) Importer(815301076,1909f56bfc062723c751e8b465ee728b)  -> (artifact id: 'c481f8f7fdbf10790a545c72c71b7c82') in 0.007199 seconds 
========================================================================
Received Import Request.
  Time since last request: 12.935625 seconds.
  path: Assets/Materials/PaintedMetal004_1K-JPG/PaintedMetal textures
  artifactKey: Guid(24ca9c616dc8807438ccd4c6521b0c98) Importer(815301076,1909f56bfc062723c751e8b465ee728b)
Start importing Assets/Materials/PaintedMetal004_1K-JPG/PaintedMetal textures using Guid(24ca9c616dc8807438ccd4c6521b0c98) Importer(815301076,1909f56bfc062723c751e8b465ee728b)  -> (artifact id: 'c47e3bba8a1777137f032357d94cadf3') in 0.007292 seconds 
========================================================================
Received Import Request.
  Time since last request: 10.596520 seconds.
  path: Packages/com.unity.textmeshpro/Editor Resources/Textures/btn_AlignBaseLine.psd
  artifactKey: Guid(8bc445bb79654bf496c92d0407840a92) Importer(815301076,1909f56bfc062723c751e8b465ee728b)
Start importing Packages/com.unity.textmeshpro/Editor Resources/Textures/btn_AlignBaseLine.psd using Guid(8bc445bb79654bf496c92d0407840a92) Importer(815301076,1909f56bfc062723c751e8b465ee728b)  -> (artifact id: '1b74cd1402921834c3d776c108d6ed68') in 0.014326 seconds 
========================================================================
Received Import Request.
  Time since last request: 0.000015 seconds.
  path: Packages/com.unity.textmeshpro/Editor Resources/Textures/btn_AlignMidline_Light.psd
  artifactKey: Guid(bb42b2d967d6427983c901a4ffc8ecd9) Importer(815301076,1909f56bfc062723c751e8b465ee728b)
Start importing Packages/com.unity.textmeshpro/Editor Resources/Textures/btn_AlignMidline_Light.psd using Guid(bb42b2d967d6427983c901a4ffc8ecd9) Importer(815301076,1909f56bfc062723c751e8b465ee728b)  -> (artifact id: '5ea29a36c3281078342391d4a054d456') in 0.012173 seconds 
========================================================================
Received Import Request.
  Time since last request: 0.000015 seconds.
  path: Packages/com.unity.textmeshpro/Editor Resources/Textures/btn_AlignBaseLine_Light.psd
  artifactKey: Guid(18775b51e3bd42299fd30bd036ea982f) Importer(815301076,1909f56bfc062723c751e8b465ee728b)
Start importing Packages/com.unity.textmeshpro/Editor Resources/Textures/btn_AlignBaseLine_Light.psd using Guid(18775b51e3bd42299fd30bd036ea982f) Importer(815301076,1909f56bfc062723c751e8b465ee728b)  -> (artifact id: 'eeb0098a8b69ca1d6674471da9ab990f') in 0.013725 seconds 
========================================================================
Received Import Request.
  Time since last request: 0.000015 seconds.
  path: Packages/com.unity.textmeshpro/Editor Resources/Textures/btn_AlignLeft.psd
  artifactKey: Guid(9288066c33474b94b6ee5465f4df1cc0) Importer(815301076,1909f56bfc062723c751e8b465ee728b)
Start importing Packages/com.unity.textmeshpro/Editor Resources/Textures/btn_AlignLeft.psd using Guid(9288066c33474b94b6ee5465f4df1cc0) Importer(815301076,1909f56bfc062723c751e8b465ee728b)  -> (artifact id: '56bc3056ae729321d5c26aedc6eb1c47') in 0.010439 seconds 
========================================================================
Received Import Request.
  Time since last request: 0.000016 seconds.
  path: Packages/com.unity.textmeshpro/Editor Resources/Textures/btn_AlignCapLine.psd
  artifactKey: Guid(0d9a36012a224080966c7b55896aa0f9) Importer(815301076,1909f56bfc062723c751e8b465ee728b)
Start importing Packages/com.unity.textmeshpro/Editor Resources/Textures/btn_AlignCapLine.psd using Guid(0d9a36012a224080966c7b55896aa0f9) Importer(815301076,1909f56bfc062723c751e8b465ee728b)  -> (artifact id: 'cbb1858871954bdeaa6ee0668f2391f8') in 0.010018 seconds 
========================================================================
Received Import Request.
  Time since last request: 0.000015 seconds.
  path: Packages/com.unity.textmeshpro/Editor Resources/Textures/btn_AlignRight_Light.psd
  artifactKey: Guid(e05ace3bd15740cda0bad60d89092a5b) Importer(815301076,1909f56bfc062723c751e8b465ee728b)
Start importing Packages/com.unity.textmeshpro/Editor Resources/Textures/btn_AlignRight_Light.psd using Guid(e05ace3bd15740cda0bad60d89092a5b) Importer(815301076,1909f56bfc062723c751e8b465ee728b)  -> (artifact id: '1896972b6ef0af1747adbe274d15a1fd') in 0.009365 seconds 
========================================================================
Received Import Request.
  Time since last request: 0.000014 seconds.
  path: Packages/com.unity.collab-proxy/Editor/PlasticSCM/Assets/Images/buttonssosigninunity.png
  artifactKey: Guid(f9161c6c9e06dc445ada3ee16d991f90) Importer(815301076,1909f56bfc062723c751e8b465ee728b)
Start importing Packages/com.unity.collab-proxy/Editor/PlasticSCM/Assets/Images/buttonssosigninunity.png using Guid(f9161c6c9e06dc445ada3ee16d991f90) Importer(815301076,1909f56bfc062723c751e8b465ee728b)  -> (artifact id: '8e8087a0ec2db86ce8ba1305b43c30e3') in 0.010260 seconds 
========================================================================
Received Import Request.
  Time since last request: 0.000015 seconds.
  path: Packages/com.unity.textmeshpro/Editor Resources/Textures/btn_AlignJustified.psd
  artifactKey: Guid(92027f7f8cfc4feaa477da0dc38d3d46) Importer(815301076,1909f56bfc062723c751e8b465ee728b)
Start importing Packages/com.unity.textmeshpro/Editor Resources/Textures/btn_AlignJustified.psd using Guid(92027f7f8cfc4feaa477da0dc38d3d46) Importer(815301076,1909f56bfc062723c751e8b465ee728b)  -> (artifact id: '7615a9d6ecef861c26873a646db7d6de') in 0.009265 seconds 
========================================================================
Received Import Request.
  Time since last request: 0.000015 seconds.
  path: Packages/com.unity.textmeshpro/Editor Resources/Textures/btn_AlignFlush_Light.psd
  artifactKey: Guid(64b9fad609434c489c32b1cdf2004a1c) Importer(815301076,1909f56bfc062723c751e8b465ee728b)
Start importing Packages/com.unity.textmeshpro/Editor Resources/Textures/btn_AlignFlush_Light.psd using Guid(64b9fad609434c489c32b1cdf2004a1c) Importer(815301076,1909f56bfc062723c751e8b465ee728b)  -> (artifact id: '4bd25c4c0f1ea96a957f9ca6897576d0') in 0.008668 seconds 
========================================================================
Received Import Request.
  Time since last request: 0.000017 seconds.
  path: Packages/com.unity.textmeshpro/Editor Resources/Textures/btn_AlignCenterGeo.psd
  artifactKey: Guid(c76700ea0062413d9f69409b4e9e151b) Importer(815301076,1909f56bfc062723c751e8b465ee728b)
Start importing Packages/com.unity.textmeshpro/Editor Resources/Textures/btn_AlignCenterGeo.psd using Guid(c76700ea0062413d9f69409b4e9e151b) Importer(815301076,1909f56bfc062723c751e8b465ee728b)  -> (artifact id: 'e16b841b135ac20346daf57564daf0cf') in 0.011657 seconds 
========================================================================
Received Import Request.
  Time since last request: 0.000018 seconds.
  path: Packages/com.unity.textmeshpro/Editor Resources/Textures/btn_AlignFlush.psd
  artifactKey: Guid(691475c57a824010be0c6f474caeb7e1) Importer(815301076,1909f56bfc062723c751e8b465ee728b)
Start importing Packages/com.unity.textmeshpro/Editor Resources/Textures/btn_AlignFlush.psd using Guid(691475c57a824010be0c6f474caeb7e1) Importer(815301076,1909f56bfc062723c751e8b465ee728b)  -> (artifact id: '84407ff631fcbaf2ca901f834fe6f7ec') in 0.009510 seconds 
========================================================================
Received Import Request.
  Time since last request: 0.000023 seconds.
  path: Packages/com.unity.textmeshpro/Editor Resources/Textures/btn_AlignBottom.psd
  artifactKey: Guid(ca51b19024094d1b87f3e07edb0a75fb) Importer(815301076,1909f56bfc062723c751e8b465ee728b)
Start importing Packages/com.unity.textmeshpro/Editor Resources/Textures/btn_AlignBottom.psd using Guid(ca51b19024094d1b87f3e07edb0a75fb) Importer(815301076,1909f56bfc062723c751e8b465ee728b)  -> (artifact id: '657cdab4f6c9ff9bc099d2ff9953cba0') in 0.009305 seconds 
========================================================================
Received Import Request.
  Time since last request: 0.000014 seconds.
  path: Packages/com.unity.textmeshpro/Editor Resources/Textures/btn_AlignMidLine.psd
  artifactKey: Guid(c2f7f6a88b4c4f20a53deb72f3d9144c) Importer(815301076,1909f56bfc062723c751e8b465ee728b)
Start importing Packages/com.unity.textmeshpro/Editor Resources/Textures/btn_AlignMidLine.psd using Guid(c2f7f6a88b4c4f20a53deb72f3d9144c) Importer(815301076,1909f56bfc062723c751e8b465ee728b)  -> (artifact id: 'b86341f901a071c177772c35492b6f6b') in 0.008761 seconds 
========================================================================
Received Import Request.
  Time since last request: 0.000015 seconds.
  path: Packages/com.unity.textmeshpro/Editor Resources/Textures/btn_AlignLeft_Light.psd
  artifactKey: Guid(12736c98af174f91827a26b66d2b01b9) Importer(815301076,1909f56bfc062723c751e8b465ee728b)
Start importing Packages/com.unity.textmeshpro/Editor Resources/Textures/btn_AlignLeft_Light.psd using Guid(12736c98af174f91827a26b66d2b01b9) Importer(815301076,1909f56bfc062723c751e8b465ee728b)  -> (artifact id: 'a40089badcb46bd474238e069e92620f') in 0.012543 seconds 
========================================================================
Received Import Request.
  Time since last request: 0.000015 seconds.
  path: Packages/com.unity.textmeshpro/Editor Resources/Textures/btn_AlignCenter.psd
  artifactKey: Guid(81ed8c76d2bc4a4c95d092c98af4e58f) Importer(815301076,1909f56bfc062723c751e8b465ee728b)
Start importing Packages/com.unity.textmeshpro/Editor Resources/Textures/btn_AlignCenter.psd using Guid(81ed8c76d2bc4a4c95d092c98af4e58f) Importer(815301076,1909f56bfc062723c751e8b465ee728b)  -> (artifact id: '60b7eff22293b2de7f5b44ee9bf17c66') in 0.016766 seconds 
========================================================================
Received Import Request.
  Time since last request: 0.000017 seconds.
  path: Packages/com.unity.textmeshpro/Editor Resources/Textures/btn_AlignCenterGeo_Light.psd
  artifactKey: Guid(35ff0937876540d3bd4b6a941df62a92) Importer(815301076,1909f56bfc062723c751e8b465ee728b)
Start importing Packages/com.unity.textmeshpro/Editor Resources/Textures/btn_AlignCenterGeo_Light.psd using Guid(35ff0937876540d3bd4b6a941df62a92) Importer(815301076,1909f56bfc062723c751e8b465ee728b)  -> (artifact id: '3f7129cc7d2eb57450c3670750ef663a') in 0.011283 seconds 
========================================================================
Received Import Request.
  Time since last request: 0.000016 seconds.
  path: Packages/com.unity.textmeshpro/Editor Resources/Textures/btn_AlignTop_Light.psd
  artifactKey: Guid(ed041e68439749a69d0efa0e3d896c2e) Importer(815301076,1909f56bfc062723c751e8b465ee728b)
Start importing Packages/com.unity.textmeshpro/Editor Resources/Textures/btn_AlignTop_Light.psd using Guid(ed041e68439749a69d0efa0e3d896c2e) Importer(815301076,1909f56bfc062723c751e8b465ee728b)  -> (artifact id: '283595f8bf6f22f58a5dbf9beac22344') in 0.009339 seconds 
========================================================================
Received Import Request.
  Time since last request: 0.000016 seconds.
  path: Packages/com.unity.textmeshpro/Editor Resources/Textures/btn_AlignCenter_Light.psd
  artifactKey: Guid(6ace62d30f494c948b71d5594afce11d) Importer(815301076,1909f56bfc062723c751e8b465ee728b)
Start importing Packages/com.unity.textmeshpro/Editor Resources/Textures/btn_AlignCenter_Light.psd using Guid(6ace62d30f494c948b71d5594afce11d) Importer(815301076,1909f56bfc062723c751e8b465ee728b)  -> (artifact id: '0946ec2bc75ef98644b2be6d78c5b239') in 0.009586 seconds 
========================================================================
Received Import Request.
  Time since last request: 0.000016 seconds.
  path: Packages/com.unity.textmeshpro/Editor Resources/Textures/btn_AlignBottom_Light.psd
  artifactKey: Guid(585b70cb75dd43efbfead809c30a1731) Importer(815301076,1909f56bfc062723c751e8b465ee728b)
Start importing Packages/com.unity.textmeshpro/Editor Resources/Textures/btn_AlignBottom_Light.psd using Guid(585b70cb75dd43efbfead809c30a1731) Importer(815301076,1909f56bfc062723c751e8b465ee728b)  -> (artifact id: '9bb87d484fa6db50e24a386473c3c994') in 0.012700 seconds 
========================================================================
Received Import Request.
  Time since last request: 0.000015 seconds.
  path: Packages/com.unity.collab-proxy/Editor/PlasticSCM/Assets/Images/buttonssosigninemail.png
  artifactKey: Guid(d24e7e0b75e1a244bb9687d6fd4315ef) Importer(815301076,1909f56bfc062723c751e8b465ee728b)
Start importing Packages/com.unity.collab-proxy/Editor/PlasticSCM/Assets/Images/buttonssosigninemail.png using Guid(d24e7e0b75e1a244bb9687d6fd4315ef) Importer(815301076,1909f56bfc062723c751e8b465ee728b)  -> (artifact id: 'de6395860b8f84983b04ed4c1a6107d1') in 0.013577 seconds 
========================================================================
Received Import Request.
  Time since last request: 0.000017 seconds.
  path: Packages/com.unity.textmeshpro/Editor Resources/Textures/btn_AlignRight.psd
  artifactKey: Guid(342a0f8aca7f4f0691338912faec0494) Importer(815301076,1909f56bfc062723c751e8b465ee728b)
Start importing Packages/com.unity.textmeshpro/Editor Resources/Textures/btn_AlignRight.psd using Guid(342a0f8aca7f4f0691338912faec0494) Importer(815301076,1909f56bfc062723c751e8b465ee728b)  -> (artifact id: '2fc70e10c6f9426b9037c789b62ebb56') in 0.009421 seconds 
========================================================================
Received Import Request.
  Time since last request: 0.000015 seconds.
  path: Packages/com.unity.textmeshpro/Editor Resources/Textures/btn_AlignTop.psd
  artifactKey: Guid(48d034c499ee4697af9dd6e327110249) Importer(815301076,1909f56bfc062723c751e8b465ee728b)
Start importing Packages/com.unity.textmeshpro/Editor Resources/Textures/btn_AlignTop.psd using Guid(48d034c499ee4697af9dd6e327110249) Importer(815301076,1909f56bfc062723c751e8b465ee728b)  -> (artifact id: '5807662b50324bb62183e6708a9986bd') in 0.009240 seconds 
========================================================================
Received Import Request.
  Time since last request: 0.000015 seconds.
  path: Packages/com.unity.collab-proxy/Editor/PlasticSCM/Assets/Images/buttonssosigninemail@2x.png
  artifactKey: Guid(ddf2e76e8a1f88f46ae1e42277850b48) Importer(815301076,1909f56bfc062723c751e8b465ee728b)
Start importing Packages/com.unity.collab-proxy/Editor/PlasticSCM/Assets/Images/buttonssosigninemail@2x.png using Guid(ddf2e76e8a1f88f46ae1e42277850b48) Importer(815301076,1909f56bfc062723c751e8b465ee728b)  -> (artifact id: '73f5d31f69701775df17bb4ecdee95fe') in 0.010206 seconds 
========================================================================
Received Import Request.
  Time since last request: 0.000015 seconds.
  path: Packages/com.unity.testtools.codecoverage/Editor/Icons/CodeCoverage@2x.png
  artifactKey: Guid(37164f8d49df70f448b593fa86e488f5) Importer(815301076,1909f56bfc062723c751e8b465ee728b)
Start importing Packages/com.unity.testtools.codecoverage/Editor/Icons/CodeCoverage@2x.png using Guid(37164f8d49df70f448b593fa86e488f5) Importer(815301076,1909f56bfc062723c751e8b465ee728b)  -> (artifact id: '12f12386a694f09ea22e096db5785911') in 0.009013 seconds 
========================================================================
Received Import Request.
  Time since last request: 0.000016 seconds.
  path: Packages/com.unity.testtools.codecoverage/Editor/Icons/CodeCoverage.png
  artifactKey: Guid(5e4d1277a09266944b3431a0a44d0862) Importer(815301076,1909f56bfc062723c751e8b465ee728b)
Start importing Packages/com.unity.testtools.codecoverage/Editor/Icons/CodeCoverage.png using Guid(5e4d1277a09266944b3431a0a44d0862) Importer(815301076,1909f56bfc062723c751e8b465ee728b)  -> (artifact id: 'efa672a2c9ff56f8292219b95ac352a5') in 0.010478 seconds 
========================================================================
Received Import Request.
  Time since last request: 0.000015 seconds.
  path: Packages/com.unity.textmeshpro/Editor Resources/Textures/btn_AlignMiddle_Light.psd
  artifactKey: Guid(066619c9c9c84f89acb1b48c11a7efe2) Importer(815301076,1909f56bfc062723c751e8b465ee728b)
Start importing Packages/com.unity.textmeshpro/Editor Resources/Textures/btn_AlignMiddle_Light.psd using Guid(066619c9c9c84f89acb1b48c11a7efe2) Importer(815301076,1909f56bfc062723c751e8b465ee728b)  -> (artifact id: '3caa1c638f6863e82a8942337f577f98') in 0.009273 seconds 
========================================================================
Received Import Request.
  Time since last request: 0.000013 seconds.
  path: Packages/com.unity.textmeshpro/Editor Resources/Textures/btn_AlignCapLine_Light.psd
  artifactKey: Guid(49679f302ac6408697f6b9314a38985c) Importer(815301076,1909f56bfc062723c751e8b465ee728b)
Start importing Packages/com.unity.textmeshpro/Editor Resources/Textures/btn_AlignCapLine_Light.psd using Guid(49679f302ac6408697f6b9314a38985c) Importer(815301076,1909f56bfc062723c751e8b465ee728b)  -> (artifact id: '825ff70ff8ddba933763f7be8e5366b0') in 0.008513 seconds 
========================================================================
Received Import Request.
  Time since last request: 0.000019 seconds.
  path: Packages/com.unity.textmeshpro/Editor Resources/Textures/btn_AlignJustified_Light.psd
  artifactKey: Guid(fa6bd40a216346b783a4cce741d277a5) Importer(815301076,1909f56bfc062723c751e8b465ee728b)
Start importing Packages/com.unity.textmeshpro/Editor Resources/Textures/btn_AlignJustified_Light.psd using Guid(fa6bd40a216346b783a4cce741d277a5) Importer(815301076,1909f56bfc062723c751e8b465ee728b)  -> (artifact id: '2c66b1ab60c4c5a9733fcd6bac1395da') in 0.009644 seconds 
========================================================================
Received Import Request.
  Time since last request: 0.000024 seconds.
  path: Packages/com.unity.textmeshpro/Editor Resources/Textures/btn_AlignMiddle.psd
  artifactKey: Guid(41b96614b2e6494ba995ddcd252d11ae) Importer(815301076,1909f56bfc062723c751e8b465ee728b)
Start importing Packages/com.unity.textmeshpro/Editor Resources/Textures/btn_AlignMiddle.psd using Guid(41b96614b2e6494ba995ddcd252d11ae) Importer(815301076,1909f56bfc062723c751e8b465ee728b)  -> (artifact id: '6575a4522f2ca8f6d418f6d562831f99') in 0.011277 seconds 
========================================================================
Received Import Request.
  Time since last request: 0.000019 seconds.
  path: Packages/com.unity.collab-proxy/Editor/PlasticSCM/Assets/Images/buttonssosigningoogle.png
  artifactKey: Guid(f09eae8c0ea04254b90c5386a034a225) Importer(815301076,1909f56bfc062723c751e8b465ee728b)
Start importing Packages/com.unity.collab-proxy/Editor/PlasticSCM/Assets/Images/buttonssosigningoogle.png using Guid(f09eae8c0ea04254b90c5386a034a225) Importer(815301076,1909f56bfc062723c751e8b465ee728b)  -> (artifact id: '44de433a56a468544010d55a09851ff6') in 0.010338 seconds 
========================================================================
Received Import Request.
  Time since last request: 0.356925 seconds.
  path: Packages/com.unity.testtools.codecoverage/Editor/Compatibility/Compatibility.asmdef
  artifactKey: Guid(5518f4bf96c8e9849ab65cbaaf1191e1) Importer(815301076,1909f56bfc062723c751e8b465ee728b)
Start importing Packages/com.unity.testtools.codecoverage/Editor/Compatibility/Compatibility.asmdef using Guid(5518f4bf96c8e9849ab65cbaaf1191e1) Importer(815301076,1909f56bfc062723c751e8b465ee728b)  -> (artifact id: '7370fef70a95abc6acfe4f82acb5735f') in 0.008207 seconds 
========================================================================
Received Import Request.
  Time since last request: 0.000017 seconds.
  path: Packages/com.unity.collab-proxy/Editor/PlasticSCM/Assets/Layouts/OrganizationPanel.uxml
  artifactKey: Guid(b6420407edc75d04f89d57eb2fcc314b) Importer(815301076,1909f56bfc062723c751e8b465ee728b)
Start importing Packages/com.unity.collab-proxy/Editor/PlasticSCM/Assets/Layouts/OrganizationPanel.uxml using Guid(b6420407edc75d04f89d57eb2fcc314b) Importer(815301076,1909f56bfc062723c751e8b465ee728b)  -> (artifact id: '971fdc99c3b60ad67123d3f19ae1bad8') in 0.012543 seconds 
========================================================================
Received Import Request.
  Time since last request: 0.000015 seconds.
  path: Packages/com.unity.ide.visualstudio/package.json
  artifactKey: Guid(656f74f6edaa396458412b9e3903d8cd) Importer(815301076,1909f56bfc062723c751e8b465ee728b)
Start importing Packages/com.unity.ide.visualstudio/package.json using Guid(656f74f6edaa396458412b9e3903d8cd) Importer(815301076,1909f56bfc062723c751e8b465ee728b)  -> (artifact id: 'eff850170263018e676487eecccf3901') in 0.012101 seconds 
========================================================================
Received Import Request.
  Time since last request: 0.000024 seconds.
  path: Packages/com.unity.collab-proxy/package.json
  artifactKey: Guid(743fda8c4b219c8429fb5a77ede1c879) Importer(815301076,1909f56bfc062723c751e8b465ee728b)
Start importing Packages/com.unity.collab-proxy/package.json using Guid(743fda8c4b219c8429fb5a77ede1c879) Importer(815301076,1909f56bfc062723c751e8b465ee728b)  -> (artifact id: '9bb88dbc9ba96d74ca247b0035d4b708') in 0.001734 seconds 
========================================================================
Received Import Request.
  Time since last request: 0.000009 seconds.
  path: Packages/com.unity.test-framework/package.json
  artifactKey: Guid(d6a2e6e4803de7b43baacdc355fc144d) Importer(815301076,1909f56bfc062723c751e8b465ee728b)
Start importing Packages/com.unity.test-framework/package.json using Guid(d6a2e6e4803de7b43baacdc355fc144d) Importer(815301076,1909f56bfc062723c751e8b465ee728b)  -> (artifact id: '3848ff7ccfeca2337678628a1ed2ce60') in 0.001526 seconds 
========================================================================
Received Import Request.
  Time since last request: 0.000009 seconds.
  path: Packages/com.unity.collab-proxy/Editor/PlasticSCM/Assets/Layouts/CreatedOrganizationPanel.uxml
  artifactKey: Guid(0a73ab5bab69746419e8e0ff89c8e816) Importer(815301076,1909f56bfc062723c751e8b465ee728b)
Start importing Packages/com.unity.collab-proxy/Editor/PlasticSCM/Assets/Layouts/CreatedOrganizationPanel.uxml using Guid(0a73ab5bab69746419e8e0ff89c8e816) Importer(815301076,1909f56bfc062723c751e8b465ee728b)  -> (artifact id: '0294465f8da62ed888e1f30b4612060c') in 0.007090 seconds 
========================================================================
Received Import Request.
  Time since last request: 0.000012 seconds.
  path: Packages/com.unity.collab-proxy/Editor/PlasticSCM/Assets/Styles/OrganizationPanel.uss
  artifactKey: Guid(642639f75f2dfbd4ab01e6708b58f304) Importer(815301076,1909f56bfc062723c751e8b465ee728b)
Start importing Packages/com.unity.collab-proxy/Editor/PlasticSCM/Assets/Styles/OrganizationPanel.uss using Guid(642639f75f2dfbd4ab01e6708b58f304) Importer(815301076,1909f56bfc062723c751e8b465ee728b)  -> (artifact id: 'f7bc5db3c0bb8f3f6ab03a48334a53fd') in 0.005631 seconds 
========================================================================
Received Import Request.
  Time since last request: 0.000012 seconds.
  path: Packages/com.unity.testtools.codecoverage/package.json
  artifactKey: Guid(ba7d60725b0ec604698819352642be89) Importer(815301076,1909f56bfc062723c751e8b465ee728b)
Start importing Packages/com.unity.testtools.codecoverage/package.json using Guid(ba7d60725b0ec604698819352642be89) Importer(815301076,1909f56bfc062723c751e8b465ee728b)  -> (artifact id: 'b4ede392239df6bf770ed0fb43b79895') in 0.001464 seconds 
========================================================================
Received Import Request.
  Time since last request: 0.000010 seconds.
  path: Packages/com.unity.performance.profile-analyzer/package.json
  artifactKey: Guid(478e38cbe30254f8c868840b4e2f32e1) Importer(815301076,1909f56bfc062723c751e8b465ee728b)
Start importing Packages/com.unity.performance.profile-analyzer/package.json using Guid(478e38cbe30254f8c868840b4e2f32e1) Importer(815301076,1909f56bfc062723c751e8b465ee728b)  -> (artifact id: 'a311d5b8c448599d509848ed5332cd71') in 0.001612 seconds 
========================================================================
Received Import Request.
  Time since last request: 0.000009 seconds.
  path: Packages/com.unity.textmeshpro/package.json
  artifactKey: Guid(220e9325710f4235a43492dd1ee4980d) Importer(815301076,1909f56bfc062723c751e8b465ee728b)
Start importing Packages/com.unity.textmeshpro/package.json using Guid(220e9325710f4235a43492dd1ee4980d) Importer(815301076,1909f56bfc062723c751e8b465ee728b)  -> (artifact id: '7f445814511be1caffb984507b3a4793') in 0.001527 seconds 
========================================================================
Received Import Request.
  Time since last request: 0.000009 seconds.
  path: Packages/com.unity.ide.vscode/package.json
  artifactKey: Guid(ffc6271f08270b64ca0aae9c49235d81) Importer(815301076,1909f56bfc062723c751e8b465ee728b)
Start importing Packages/com.unity.ide.vscode/package.json using Guid(ffc6271f08270b64ca0aae9c49235d81) Importer(815301076,1909f56bfc062723c751e8b465ee728b)  -> (artifact id: '9797d3eb575af519a91cff9ea5b73f84') in 0.001421 seconds 
========================================================================
Received Import Request.
  Time since last request: 0.000009 seconds.
  path: Packages/com.unity.ext.nunit/package.json
  artifactKey: Guid(8143d3a8390f2c64685e3bc272bd9e90) Importer(815301076,1909f56bfc062723c751e8b465ee728b)
Start importing Packages/com.unity.ext.nunit/package.json using Guid(8143d3a8390f2c64685e3bc272bd9e90) Importer(815301076,1909f56bfc062723c751e8b465ee728b)  -> (artifact id: 'b40fc5629c4141466786b845dfe4fc31') in 0.001453 seconds 
========================================================================
Received Import Request.
  Time since last request: 0.000009 seconds.
  path: Assets/Models 3D/sf-capsule-energy/source/paddle.fbx
  artifactKey: Guid(cf9688c5d4589d64090bde5c0a9379e2) Importer(815301076,1909f56bfc062723c751e8b465ee728b)
Start importing Assets/Models 3D/sf-capsule-energy/source/paddle.fbx using Guid(cf9688c5d4589d64090bde5c0a9379e2) Importer(815301076,1909f56bfc062723c751e8b465ee728b)  -> (artifact id: '57397b2109717624fccd10199d3403ef') in 0.313688 seconds 
========================================================================
Received Import Request.
  Time since last request: 0.000013 seconds.
  path: Packages/com.unity.editorcoroutines/package.json
  artifactKey: Guid(6428ca6f30e71ee4dbea7e1d0787cb07) Importer(815301076,1909f56bfc062723c751e8b465ee728b)
Start importing Packages/com.unity.editorcoroutines/package.json using Guid(6428ca6f30e71ee4dbea7e1d0787cb07) Importer(815301076,1909f56bfc062723c751e8b465ee728b)  -> (artifact id: 'f09ec15c09bb4767b92c14d9ec7e7dbb') in 0.001265 seconds 
========================================================================
Received Import Request.
  Time since last request: 0.000014 seconds.
  path: Packages/com.unity.timeline/package.json
  artifactKey: Guid(13a9c1b4df2e489e8eb9cacca7429596) Importer(815301076,1909f56bfc062723c751e8b465ee728b)
Start importing Packages/com.unity.timeline/package.json using Guid(13a9c1b4df2e489e8eb9cacca7429596) Importer(815301076,1909f56bfc062723c751e8b465ee728b)  -> (artifact id: '78e5276a0f85c2ad7a9d326e7333fc1b') in 0.001118 seconds 
========================================================================
Received Import Request.
  Time since last request: 0.000007 seconds.
  path: Packages/com.unity.ide.rider/package.json
  artifactKey: Guid(66c95bb3c74257f41bae2622511dc02d) Importer(815301076,1909f56bfc062723c751e8b465ee728b)
Start importing Packages/com.unity.ide.rider/package.json using Guid(66c95bb3c74257f41bae2622511dc02d) Importer(815301076,1909f56bfc062723c751e8b465ee728b)  -> (artifact id: '46ea55fd9cff27eb13443556f55cf08c') in 0.001043 seconds 
========================================================================
Received Import Request.
  Time since last request: 0.000008 seconds.
  path: Assets/Materials/PaintedMetal004_1K-JPG/Materials/PaintedMetal004_1K_Color.mat
  artifactKey: Guid(1f87b2e0118c2c9479568cecb3350662) Importer(815301076,1909f56bfc062723c751e8b465ee728b)
Start importing Assets/Materials/PaintedMetal004_1K-JPG/Materials/PaintedMetal004_1K_Color.mat using Guid(1f87b2e0118c2c9479568cecb3350662) Importer(815301076,1909f56bfc062723c751e8b465ee728b)  -> (artifact id: 'b5da567698095c78558aac2168a20348') in 0.021336 seconds 
========================================================================
Received Import Request.
  Time since last request: 0.000012 seconds.
  path: Assets/Sprites/diseno-de-paisaje-del-espacio_3840x2160_xtrafondos.com.jpg
  artifactKey: Guid(e50fdd5e93900d644be4ba9d1ae18a94) Importer(815301076,1909f56bfc062723c751e8b465ee728b)
Start importing Assets/Sprites/diseno-de-paisaje-del-espacio_3840x2160_xtrafondos.com.jpg using Guid(e50fdd5e93900d644be4ba9d1ae18a94) Importer(815301076,1909f56bfc062723c751e8b465ee728b)  -> (artifact id: '04d631f83744c8618f89a2ba365728aa') in 0.194686 seconds 
========================================================================
Received Import Request.
  Time since last request: 62.838436 seconds.
  path: Packages/com.unity.textmeshpro/Editor Resources/Textures
  artifactKey: Guid(f8e6a2d47aba4c6c9b3c5a72d9f48da5) Importer(815301076,1909f56bfc062723c751e8b465ee728b)
Start importing Packages/com.unity.textmeshpro/Editor Resources/Textures using Guid(f8e6a2d47aba4c6c9b3c5a72d9f48da5) Importer(815301076,1909f56bfc062723c751e8b465ee728b)  -> (artifact id: '9d3f6efca83ad7d72ae6b47dd6eb1b4a') in 0.008016 seconds 
========================================================================
Received Import Request.
  Time since last request: 0.093284 seconds.
  path: Packages/com.unity.textmeshpro/Editor Resources/Textures/SectionHeader_Dark.psd
  artifactKey: Guid(fb5730e24283d0c489e5c7d0bee023d9) Importer(815301076,1909f56bfc062723c751e8b465ee728b)
Start importing Packages/com.unity.textmeshpro/Editor Resources/Textures/SectionHeader_Dark.psd using Guid(fb5730e24283d0c489e5c7d0bee023d9) Importer(815301076,1909f56bfc062723c751e8b465ee728b)  -> (artifact id: '946537b8391cf59a0fdb7354d75b9570') in 0.011709 seconds 
========================================================================
Received Import Request.
  Time since last request: 0.000014 seconds.
  path: Packages/com.unity.textmeshpro/Editor Resources/Textures/SectionHeader_Light.psd
  artifactKey: Guid(e3b0f810fdea84e40ab4ba20f256f7e8) Importer(815301076,1909f56bfc062723c751e8b465ee728b)
Start importing Packages/com.unity.textmeshpro/Editor Resources/Textures/SectionHeader_Light.psd using Guid(e3b0f810fdea84e40ab4ba20f256f7e8) Importer(815301076,1909f56bfc062723c751e8b465ee728b)  -> (artifact id: '967e3ad133bac57f31c1e203a62fce4e') in 0.009209 seconds 
========================================================================
Received Import Request.
  Time since last request: 50.557751 seconds.
  path: Assets/Atlas
  artifactKey: Guid(6a24bf2dcb7f9904991adbed765a63aa) Importer(815301076,1909f56bfc062723c751e8b465ee728b)
Start importing Assets/Atlas using Guid(6a24bf2dcb7f9904991adbed765a63aa) Importer(815301076,1909f56bfc062723c751e8b465ee728b)  -> (artifact id: 'ec66031a33389e39754192f05496ac6f') in 0.011534 seconds 
========================================================================
Received Import Request.
  Time since last request: 11.934752 seconds.
  path: Assets/Atlas/ScreensAtlas.spriteatlas
  artifactKey: Guid(1ecc44199741c0d41aca96fde7a98459) Importer(815301076,1909f56bfc062723c751e8b465ee728b)
Start importing Assets/Atlas/ScreensAtlas.spriteatlas using Guid(1ecc44199741c0d41aca96fde7a98459) Importer(815301076,1909f56bfc062723c751e8b465ee728b)  -> (artifact id: 'fe526990435947ff192a88ea45bbf69d') in 0.007503 seconds 
========================================================================
Received Import Request.
  Time since last request: 7.033197 seconds.
  path: Assets/Screens/pause screen.png
  artifactKey: Guid(a148810389117714e98712d95a9c2583) Importer(815301076,1909f56bfc062723c751e8b465ee728b)
Start importing Assets/Screens/pause screen.png using Guid(a148810389117714e98712d95a9c2583) Importer(815301076,1909f56bfc062723c751e8b465ee728b)  -> (artifact id: '7396ea79325c3ca14bb85df5f476cfd2') in 0.069222 seconds 
========================================================================
Received Import Request.
  Time since last request: 0.000015 seconds.
  path: Assets/Screens/splash screen.png
  artifactKey: Guid(1f7c12d474d0799439c52c53be3c400d) Importer(815301076,1909f56bfc062723c751e8b465ee728b)
Start importing Assets/Screens/splash screen.png using Guid(1f7c12d474d0799439c52c53be3c400d) Importer(815301076,1909f56bfc062723c751e8b465ee728b)  -> (artifact id: '10b2f114ec346a50edfc708048622cae') in 0.048891 seconds 
========================================================================
Received Import Request.
  Time since last request: 7.118957 seconds.
  path: Assets/Screens/main menu.png
  artifactKey: Guid(4fa4ed587e065664d8c7dc7078280a76) Importer(815301076,1909f56bfc062723c751e8b465ee728b)
Start importing Assets/Screens/main menu.png using Guid(4fa4ed587e065664d8c7dc7078280a76) Importer(815301076,1909f56bfc062723c751e8b465ee728b)  -> (artifact id: 'c12204302ac1faaab70417e210104dbc') in 0.057175 seconds 
========================================================================
Received Import Request.
  Time since last request: 8.600233 seconds.
  path: Assets/Atlas/Texture Atlas.spriteatlas
  artifactKey: Guid(74a54ae7a6645db47926dc949dc4a805) Importer(815301076,1909f56bfc062723c751e8b465ee728b)
Start importing Assets/Atlas/Texture Atlas.spriteatlas using Guid(74a54ae7a6645db47926dc949dc4a805) Importer(815301076,1909f56bfc062723c751e8b465ee728b)  -> (artifact id: '839adba9881aaced74a3ecffd0047a29') in 0.002329 seconds 
========================================================================
Received Import Request.
  Time since last request: 2.338007 seconds.
  path: Assets/Atlas/ScreensAtlas.spriteatlas
  artifactKey: Guid(1ecc44199741c0d41aca96fde7a98459) Importer(815301076,1909f56bfc062723c751e8b465ee728b)
Start importing Assets/Atlas/ScreensAtlas.spriteatlas using Guid(1ecc44199741c0d41aca96fde7a98459) Importer(815301076,1909f56bfc062723c751e8b465ee728b)  -> (artifact id: '991ffc6cba395568469e35fdc4206dd5') in 0.002184 seconds 
========================================================================
Received Import Request.
  Time since last request: 15.033656 seconds.
  path: Assets/Atlas/ScreensAtlas.spriteatlas
  artifactKey: Guid(1ecc44199741c0d41aca96fde7a98459) Importer(815301076,1909f56bfc062723c751e8b465ee728b)
Start importing Assets/Atlas/ScreensAtlas.spriteatlas using Guid(1ecc44199741c0d41aca96fde7a98459) Importer(815301076,1909f56bfc062723c751e8b465ee728b)  -> (artifact id: 'ca18afa8de4afa5067a7ffe985ad7846') in 0.002259 seconds 
========================================================================
Received Import Request.
  Time since last request: 14.348345 seconds.
  path: Assets/Sounds/yt1s.com - Arkanoid Musica Arcade.mp3
  artifactKey: Guid(671c25717d629f148a66472fd2ea0d69) Importer(815301076,1909f56bfc062723c751e8b465ee728b)
Start importing Assets/Sounds/yt1s.com - Arkanoid Musica Arcade.mp3 using Guid(671c25717d629f148a66472fd2ea0d69) Importer(815301076,1909f56bfc062723c751e8b465ee728b)  -> (artifact id: '395811f5a5431748726d220b3c0ae555') in 0.024425 seconds 
========================================================================
Received Import Request.
  Time since last request: 0.000015 seconds.
  path: Assets/Sounds/yt1s.com - Arkanoid Spectrum Title Music.mp3
  artifactKey: Guid(ffdc1ec1b9066594e8741f09a6f9eadf) Importer(815301076,1909f56bfc062723c751e8b465ee728b)
Start importing Assets/Sounds/yt1s.com - Arkanoid Spectrum Title Music.mp3 using Guid(ffdc1ec1b9066594e8741f09a6f9eadf) Importer(815301076,1909f56bfc062723c751e8b465ee728b)  -> (artifact id: 'f3f2dfd198f05c9e1c8e28b75fe6c789') in 0.011616 seconds 
========================================================================
Received Import Request.
  Time since last request: 4.292693 seconds.
  path: Assets/Sprites/contador de pelotas.png
  artifactKey: Guid(93f0799487152b544860bdbd341463fd) Importer(815301076,1909f56bfc062723c751e8b465ee728b)
Start importing Assets/Sprites/contador de pelotas.png using Guid(93f0799487152b544860bdbd341463fd) Importer(815301076,1909f56bfc062723c751e8b465ee728b)  -> (artifact id: '9bca132997ef1f1269dfb35ce4272235') in 0.025638 seconds 
========================================================================
Received Import Request.
  Time since last request: 10.859527 seconds.
  path: Packages/com.unity.timeline/Editor/StyleSheets/Images/Shared/TimelineDisplay.png
  artifactKey: Guid(03ae22b9de3989144a9bebf8972b4fad) Importer(815301076,1909f56bfc062723c751e8b465ee728b)
Start importing Packages/com.unity.timeline/Editor/StyleSheets/Images/Shared/TimelineDisplay.png using Guid(03ae22b9de3989144a9bebf8972b4fad) Importer(815301076,1909f56bfc062723c751e8b465ee728b)  -> (artifact id: 'ac4a3137991a21e987dce037fc013283') in 0.013311 seconds 
========================================================================
Received Import Request.
  Time since last request: 0.000015 seconds.
  path: Packages/com.unity.textmeshpro/Editor Resources/Gizmos/TMP - Sprite Asset Icon.psd
  artifactKey: Guid(ec7c645d93308c04d8840982af12101e) Importer(815301076,1909f56bfc062723c751e8b465ee728b)
Start importing Packages/com.unity.textmeshpro/Editor Resources/Gizmos/TMP - Sprite Asset Icon.psd using Guid(ec7c645d93308c04d8840982af12101e) Importer(815301076,1909f56bfc062723c751e8b465ee728b)  -> (artifact id: 'bd650f29a78fbb6efa2ba340345b1a9c') in 0.013354 seconds 
========================================================================
Received Import Request.
  Time since last request: 6.541921 seconds.
  path: Assets/Atlas/Texture Atlas.spriteatlas
  artifactKey: Guid(74a54ae7a6645db47926dc949dc4a805) Importer(815301076,1909f56bfc062723c751e8b465ee728b)
Start importing Assets/Atlas/Texture Atlas.spriteatlas using Guid(74a54ae7a6645db47926dc949dc4a805) Importer(815301076,1909f56bfc062723c751e8b465ee728b)  -> (artifact id: '232f1b643d1767965ec7c21946bb7fc3') in 0.002384 seconds 
